2014.11.19 13:20 B C:\Program Files\WS_FTP\ajibayschoools\js\jquery-ui-1.11.2.custom\index.html --> ajibayschools.com.ng /public_html/js/jquery-ui-1.11.2.custom index.html
2014.11.19 13:20 B C:\Program Files\WS_FTP\ajibayschoools\js\jquery-ui-1.11.2.custom\jquery-ui.css --> ajibayschools.com.ng /public_html/js/jquery-ui-1.11.2.custom jquery-ui.css
2014.11.19 13:20 B C:\Program Files\WS_FTP\ajibayschoools\js\jquery-ui-1.11.2.custom\jquery-ui.js --> ajibayschools.com.ng /public_html/js/jquery-ui-1.11.2.custom jquery-ui.js
2014.11.19 13:20 B C:\Program Files\WS_FTP\ajibayschoools\js\jquery-ui-1.11.2.custom\jquery-ui.min.css --> ajibayschools.com.ng /public_html/js/jquery-ui-1.11.2.custom jquery-ui.min.css
2014.11.19 13:20 B C:\Program Files\WS_FTP\ajibayschoools\js\jquery-ui-1.11.2.custom\jquery-ui.min.js --> ajibayschools.com.ng /public_html/js/jquery-ui-1.11.2.custom jquery-ui.min.js
2014.11.19 13:20 B C:\Program Files\WS_FTP\ajibayschoools\js\jquery-ui-1.11.2.custom\jquery-ui.structure.css --> ajibayschools.com.ng /public_html/js/jquery-ui-1.11.2.custom jquery-ui.structure.css
2014.11.19 13:20 B C:\Program Files\WS_FTP\ajibayschoools\js\jquery-ui-1.11.2.custom\jquery-ui.structure.min.css --> ajibayschools.com.ng /public_html/js/jquery-ui-1.11.2.custom jquery-ui.structure.min.css
2014.11.19 13:21 B C:\Program Files\WS_FTP\ajibayschoools\js\jquery-ui-1.11.2.custom\jquery-ui.theme.css --> ajibayschools.com.ng /public_html/js/jquery-ui-1.11.2.custom jquery-ui.theme.css
2014.11.19 13:21 B C:\Program Files\WS_FTP\ajibayschoools\js\jquery-ui-1.11.2.custom\jquery-ui.theme.min.css --> ajibayschools.com.ng /public_html/js/jquery-ui-1.11.2.custom jquery-ui.theme.min.css
2014.12.03 09:29 B C:\Program Files\WS_FTP\ajibayschoools\js\jquery-ui-1.11.2.custom\index.html --> ajibayschools.com.ng /public_html/js/jquery-ui-1.11.2.custom index.html
2014.12.03 09:29 B C:\Program Files\WS_FTP\ajibayschoools\js\jquery-ui-1.11.2.custom\jquery-ui.css --> ajibayschools.com.ng /public_html/js/jquery-ui-1.11.2.custom jquery-ui.css
2014.12.03 09:29 B C:\Program Files\WS_FTP\ajibayschoools\js\jquery-ui-1.11.2.custom\jquery-ui.js --> ajibayschools.com.ng /public_html/js/jquery-ui-1.11.2.custom jquery-ui.js
2014.12.03 09:29 B C:\Program Files\WS_FTP\ajibayschoools\js\jquery-ui-1.11.2.custom\jquery-ui.min.css --> ajibayschools.com.ng /public_html/js/jquery-ui-1.11.2.custom jquery-ui.min.css
2014.12.03 09:29 B C:\Program Files\WS_FTP\ajibayschoools\js\jquery-ui-1.11.2.custom\jquery-ui.min.js --> ajibayschools.com.ng /public_html/js/jquery-ui-1.11.2.custom jquery-ui.min.js
2014.12.03 09:29 B C:\Program Files\WS_FTP\ajibayschoools\js\jquery-ui-1.11.2.custom\jquery-ui.structure.css --> ajibayschools.com.ng /public_html/js/jquery-ui-1.11.2.custom jquery-ui.structure.css
2014.12.03 09:30 B C:\Program Files\WS_FTP\ajibayschoools\js\jquery-ui-1.11.2.custom\jquery-ui.structure.min.css --> ajibayschools.com.ng /public_html/js/jquery-ui-1.11.2.custom jquery-ui.structure.min.css
2014.12.03 09:30 B C:\Program Files\WS_FTP\ajibayschoools\js\jquery-ui-1.11.2.custom\jquery-ui.theme.css --> ajibayschools.com.ng /public_html/js/jquery-ui-1.11.2.custom jquery-ui.theme.css
2014.12.03 09:30 B C:\Program Files\WS_FTP\ajibayschoools\js\jquery-ui-1.11.2.custom\jquery-ui.theme.min.css --> ajibayschools.com.ng /public_html/js/jquery-ui-1.11.2.custom jquery-ui.theme.min.css
2014.12.03 09:30 B C:\Program Files\WS_FTP\ajibayschoools\js\jquery-ui-1.11.2.custom\WS_FTP.LOG --> ajibayschools.com.ng /public_html/js/jquery-ui-1.11.2.custom WS_FTP.LOG
2014.12.27 16:21 B C:\Program Files\WS_FTP\ajibayschoools\js\jquery-ui-1.11.2.custom\index.html --> ajibayschools.com.ng /public_html/js/jquery-ui-1.11.2.custom index.html
2014.12.27 16:22 B C:\Program Files\WS_FTP\ajibayschoools\js\jquery-ui-1.11.2.custom\jquery-ui.css --> ajibayschools.com.ng /public_html/js/jquery-ui-1.11.2.custom jquery-ui.css
2014.12.27 16:24 B C:\Program Files\WS_FTP\ajibayschoools\js\jquery-ui-1.11.2.custom\jquery-ui.js --> ajibayschools.com.ng /public_html/js/jquery-ui-1.11.2.custom jquery-ui.js
2014.12.27 16:25 B C:\Program Files\WS_FTP\ajibayschoools\js\jquery-ui-1.11.2.custom\jquery-ui.min.css --> ajibayschools.com.ng /public_html/js/jquery-ui-1.11.2.custom jquery-ui.min.css
2014.12.27 16:30 B C:\Program Files\WS_FTP\ajibayschoools\js\jquery-ui-1.11.2.custom\jquery-ui.min.js --> ajibayschools.com.ng /public_html/js/jquery-ui-1.11.2.custom jquery-ui.min.js
2014.12.27 16:45 B C:\Program Files\WS_FTP\ajibayschoools\js\jquery-ui-1.11.2.custom\jquery-ui.structure.min.css --> ajibayschools.com.ng /public_html/js/jquery-ui-1.11.2.custom jquery-ui.structure.min.css
2014.12.27 16:45 B C:\Program Files\WS_FTP\ajibayschoools\js\jquery-ui-1.11.2.custom\jquery-ui.theme.css --> ajibayschools.com.ng /public_html/js/jquery-ui-1.11.2.custom jquery-ui.theme.css
2014.12.27 16:45 B C:\Program Files\WS_FTP\ajibayschoools\js\jquery-ui-1.11.2.custom\jquery-ui.theme.min.css --> ajibayschools.com.ng /public_html/js/jquery-ui-1.11.2.custom jquery-ui.theme.min.css
2014.12.27 16:45 B C:\Program Files\WS_FTP\ajibayschoools\js\jquery-ui-1.11.2.custom\WS_FTP.LOG --> ajibayschools.com.ng /public_html/js/jquery-ui-1.11.2.custom WS_FTP.LOG
2014.12.27 18:00 B C:\Program Files\WS_FTP\ajibayschoools\js\jquery-ui-1.11.2.custom\WS_FTP.LOG --> ajibayschools.com.ng /public_html/js/jquery-ui-1.11.2.custom WS_FTP.LOG
2014.12.29 09:28 B C:\Program Files\WS_FTP\ajibayschoools\js\jquery-ui-1.11.2.custom\WS_FTP.LOG --> ajibayschools.com.ng /public_html/js/jquery-ui-1.11.2.custom WS_FTP.LOG
2014.12.30 17:13 B C:\Program Files\WS_FTP\ajibayschoools\js\jquery-ui-1.11.2.custom\index.html --> ajibayschools.com.ng /public_html/js/jquery-ui-1.11.2.custom index.html
2014.12.30 17:13 B C:\Program Files\WS_FTP\ajibayschoools\js\jquery-ui-1.11.2.custom\jquery-ui.css --> ajibayschools.com.ng /public_html/js/jquery-ui-1.11.2.custom jquery-ui.css
2014.12.30 17:21 B C:\Program Files\WS_FTP\ajibayschoools\js\jquery-ui-1.11.2.custom\jquery-ui.js --> ajibayschools.com.ng /public_html/js/jquery-ui-1.11.2.custom jquery-ui.js
2014.12.30 17:37 B C:\Program Files\WS_FTP\ajibayschoools\js\jquery-ui-1.11.2.custom\jquery-ui.min.css --> ajibayschools.com.ng /public_html/js/jquery-ui-1.11.2.custom jquery-ui.min.css
2015.01.20 17:19 B C:\Program Files\WS_FTP\ajibayschoools\js\jquery-ui-1.11.2.custom\WS_FTP.LOG --> ajibayschools.com.ng /public_html/js/jquery-ui-1.11.2.custom WS_FTP.LOG
2015.01.21 09:16 B C:\Program Files\WS_FTP\ajibayschoools\js\jquery-ui-1.11.2.custom\WS_FTP.LOG --> ajibayschools.com.ng /public_html/js/jquery-ui-1.11.2.custom WS_FTP.LOG
