2014.11.19 13:21 B C:\Program Files\WS_FTP\ajibayschoools\js\bootstrap.js --> ajibayschools.com.ng /public_html/js bootstrap.js
2014.11.19 13:21 B C:\Program Files\WS_FTP\ajibayschoools\js\bootstrap.min.js --> ajibayschools.com.ng /public_html/js bootstrap.min.js
2014.11.19 13:21 B C:\Program Files\WS_FTP\ajibayschoools\js\jquery-1.7.2.min.js --> ajibayschools.com.ng /public_html/js jquery-1.7.2.min.js
2014.11.19 13:21 B C:\Program Files\WS_FTP\ajibayschoools\js\jquery.easing.1.3.js --> ajibayschools.com.ng /public_html/js jquery.easing.1.3.js
2014.11.19 13:21 B C:\Program Files\WS_FTP\ajibayschoools\js\jquery.js --> ajibayschools.com.ng /public_html/js jquery.js
2014.11.19 13:21 B C:\Program Files\WS_FTP\ajibayschoools\js\respond.js --> ajibayschools.com.ng /public_html/js respond.js
2014.12.03 09:30 B C:\Program Files\WS_FTP\ajibayschoools\js\jquery.validate.min.js --> ajibayschools.com.ng /public_html/js jquery.validate.min.js
2014.12.03 09:30 B C:\Program Files\WS_FTP\ajibayschoools\js\WS_FTP.LOG --> ajibayschools.com.ng /public_html/js WS_FTP.LOG
2014.12.27 16:49 B C:\Program Files\WS_FTP\ajibayschoools\js\bootstrap.js --> ajibayschools.com.ng /public_html/js bootstrap.js
2014.12.27 16:51 B C:\Program Files\WS_FTP\ajibayschoools\js\bootstrap.min.js --> ajibayschools.com.ng /public_html/js bootstrap.min.js
2014.12.27 16:55 B C:\Program Files\WS_FTP\ajibayschoools\js\jquery-1.7.2.min.js --> ajibayschools.com.ng /public_html/js jquery-1.7.2.min.js
2014.12.27 17:05 B C:\Program Files\WS_FTP\ajibayschoools\js\jquery-1.7.2.min.js --> ajibayschools.com.ng /public_html/js jquery-1.7.2.min.js
2014.12.27 17:05 B C:\Program Files\WS_FTP\ajibayschoools\js\jquery.easing.1.3.js --> ajibayschools.com.ng /public_html/js jquery.easing.1.3.js
2014.12.27 17:25 B C:\Program Files\WS_FTP\ajibayschoools\js\jquery.js --> ajibayschools.com.ng /public_html/js jquery.js
2014.12.27 18:00 B C:\Program Files\WS_FTP\ajibayschoools\js\WS_FTP.LOG --> ajibayschools.com.ng /public_html/js WS_FTP.LOG
2014.12.29 09:28 B C:\Program Files\WS_FTP\ajibayschoools\js\WS_FTP.LOG --> ajibayschools.com.ng /public_html/js WS_FTP.LOG
2015.01.20 17:20 B C:\Program Files\WS_FTP\ajibayschoools\js\WS_FTP.LOG --> ajibayschools.com.ng /public_html/js WS_FTP.LOG
2015.01.21 09:16 B C:\Program Files\WS_FTP\ajibayschoools\js\WS_FTP.LOG --> ajibayschools.com.ng /public_html/js WS_FTP.LOG
2015.01.21 10:57 B C:\Program Files\WS_FTP\ajibayschoools\js\jquery-1.7.2.min.js --> ajibayschools.com.ng /public_html/js jquery-1.7.2.min.js
2015.01.21 11:02 B C:\Program Files\WS_FTP\ajibayschoools\js\jquery-1.7.2.min.js --> ajibayschools.com.ng /public_html/js jquery-1.7.2.min.js
