2014.11.19 13:20 B C:\Program Files\WS_FTP\ajibayschoools\js\jquery-ui-1.11.2.custom\images\ui-bg_diagonals-thick_18_b81900_40x40.png --> ajibayschools.com.ng /public_html/js/jquery-ui-1.11.2.custom/images ui-bg_diagonals-thick_18_b81900_40x40.png
2014.11.19 13:20 B C:\Program Files\WS_FTP\ajibayschoools\js\jquery-ui-1.11.2.custom\images\ui-bg_diagonals-thick_20_666666_40x40.png --> ajibayschools.com.ng /public_html/js/jquery-ui-1.11.2.custom/images ui-bg_diagonals-thick_20_666666_40x40.png
2014.11.19 13:20 B C:\Program Files\WS_FTP\ajibayschoools\js\jquery-ui-1.11.2.custom\images\ui-bg_flat_10_000000_40x100.png --> ajibayschools.com.ng /public_html/js/jquery-ui-1.11.2.custom/images ui-bg_flat_10_000000_40x100.png
2014.11.19 13:20 B C:\Program Files\WS_FTP\ajibayschoools\js\jquery-ui-1.11.2.custom\images\ui-bg_glass_100_f6f6f6_1x400.png --> ajibayschools.com.ng /public_html/js/jquery-ui-1.11.2.custom/images ui-bg_glass_100_f6f6f6_1x400.png
2014.11.19 13:20 B C:\Program Files\WS_FTP\ajibayschoools\js\jquery-ui-1.11.2.custom\images\ui-bg_glass_100_fdf5ce_1x400.png --> ajibayschools.com.ng /public_html/js/jquery-ui-1.11.2.custom/images ui-bg_glass_100_fdf5ce_1x400.png
2014.11.19 13:20 B C:\Program Files\WS_FTP\ajibayschoools\js\jquery-ui-1.11.2.custom\images\ui-bg_glass_65_ffffff_1x400.png --> ajibayschools.com.ng /public_html/js/jquery-ui-1.11.2.custom/images ui-bg_glass_65_ffffff_1x400.png
2014.11.19 13:20 B C:\Program Files\WS_FTP\ajibayschoools\js\jquery-ui-1.11.2.custom\images\ui-bg_gloss-wave_35_f6a828_500x100.png --> ajibayschools.com.ng /public_html/js/jquery-ui-1.11.2.custom/images ui-bg_gloss-wave_35_f6a828_500x100.png
2014.11.19 13:20 B C:\Program Files\WS_FTP\ajibayschoools\js\jquery-ui-1.11.2.custom\images\ui-bg_highlight-soft_100_eeeeee_1x100.png --> ajibayschools.com.ng /public_html/js/jquery-ui-1.11.2.custom/images ui-bg_highlight-soft_100_eeeeee_1x100.png
2014.11.19 13:20 B C:\Program Files\WS_FTP\ajibayschoools\js\jquery-ui-1.11.2.custom\images\ui-bg_highlight-soft_75_ffe45c_1x100.png --> ajibayschools.com.ng /public_html/js/jquery-ui-1.11.2.custom/images ui-bg_highlight-soft_75_ffe45c_1x100.png
2014.11.19 13:20 B C:\Program Files\WS_FTP\ajibayschoools\js\jquery-ui-1.11.2.custom\images\ui-icons_222222_256x240.png --> ajibayschools.com.ng /public_html/js/jquery-ui-1.11.2.custom/images ui-icons_222222_256x240.png
2014.11.19 13:20 B C:\Program Files\WS_FTP\ajibayschoools\js\jquery-ui-1.11.2.custom\images\ui-icons_228ef1_256x240.png --> ajibayschools.com.ng /public_html/js/jquery-ui-1.11.2.custom/images ui-icons_228ef1_256x240.png
2014.11.19 13:20 B C:\Program Files\WS_FTP\ajibayschoools\js\jquery-ui-1.11.2.custom\images\ui-icons_ef8c08_256x240.png --> ajibayschools.com.ng /public_html/js/jquery-ui-1.11.2.custom/images ui-icons_ef8c08_256x240.png
2014.11.19 13:20 B C:\Program Files\WS_FTP\ajibayschoools\js\jquery-ui-1.11.2.custom\images\ui-icons_ffd27a_256x240.png --> ajibayschools.com.ng /public_html/js/jquery-ui-1.11.2.custom/images ui-icons_ffd27a_256x240.png
2014.11.19 13:20 B C:\Program Files\WS_FTP\ajibayschoools\js\jquery-ui-1.11.2.custom\images\ui-icons_ffffff_256x240.png --> ajibayschools.com.ng /public_html/js/jquery-ui-1.11.2.custom/images ui-icons_ffffff_256x240.png
2014.12.03 09:28 B C:\Program Files\WS_FTP\ajibayschoools\js\jquery-ui-1.11.2.custom\images\ui-bg_diagonals-thick_18_b81900_40x40.png --> ajibayschools.com.ng /public_html/js/jquery-ui-1.11.2.custom/images ui-bg_diagonals-thick_18_b81900_40x40.png
2014.12.03 09:28 B C:\Program Files\WS_FTP\ajibayschoools\js\jquery-ui-1.11.2.custom\images\ui-bg_diagonals-thick_20_666666_40x40.png --> ajibayschools.com.ng /public_html/js/jquery-ui-1.11.2.custom/images ui-bg_diagonals-thick_20_666666_40x40.png
2014.12.03 09:29 B C:\Program Files\WS_FTP\ajibayschoools\js\jquery-ui-1.11.2.custom\images\ui-bg_flat_10_000000_40x100.png --> ajibayschools.com.ng /public_html/js/jquery-ui-1.11.2.custom/images ui-bg_flat_10_000000_40x100.png
2014.12.03 09:29 B C:\Program Files\WS_FTP\ajibayschoools\js\jquery-ui-1.11.2.custom\images\ui-bg_glass_100_f6f6f6_1x400.png --> ajibayschools.com.ng /public_html/js/jquery-ui-1.11.2.custom/images ui-bg_glass_100_f6f6f6_1x400.png
2014.12.03 09:29 B C:\Program Files\WS_FTP\ajibayschoools\js\jquery-ui-1.11.2.custom\images\ui-bg_glass_100_fdf5ce_1x400.png --> ajibayschools.com.ng /public_html/js/jquery-ui-1.11.2.custom/images ui-bg_glass_100_fdf5ce_1x400.png
2014.12.03 09:29 B C:\Program Files\WS_FTP\ajibayschoools\js\jquery-ui-1.11.2.custom\images\ui-bg_glass_65_ffffff_1x400.png --> ajibayschools.com.ng /public_html/js/jquery-ui-1.11.2.custom/images ui-bg_glass_65_ffffff_1x400.png
2014.12.03 09:29 B C:\Program Files\WS_FTP\ajibayschoools\js\jquery-ui-1.11.2.custom\images\ui-bg_gloss-wave_35_f6a828_500x100.png --> ajibayschools.com.ng /public_html/js/jquery-ui-1.11.2.custom/images ui-bg_gloss-wave_35_f6a828_500x100.png
2014.12.03 09:29 B C:\Program Files\WS_FTP\ajibayschoools\js\jquery-ui-1.11.2.custom\images\ui-bg_highlight-soft_100_eeeeee_1x100.png --> ajibayschools.com.ng /public_html/js/jquery-ui-1.11.2.custom/images ui-bg_highlight-soft_100_eeeeee_1x100.png
2014.12.03 09:29 B C:\Program Files\WS_FTP\ajibayschoools\js\jquery-ui-1.11.2.custom\images\ui-bg_highlight-soft_75_ffe45c_1x100.png --> ajibayschools.com.ng /public_html/js/jquery-ui-1.11.2.custom/images ui-bg_highlight-soft_75_ffe45c_1x100.png
2014.12.03 09:29 B C:\Program Files\WS_FTP\ajibayschoools\js\jquery-ui-1.11.2.custom\images\ui-icons_222222_256x240.png --> ajibayschools.com.ng /public_html/js/jquery-ui-1.11.2.custom/images ui-icons_222222_256x240.png
2014.12.03 09:29 B C:\Program Files\WS_FTP\ajibayschoools\js\jquery-ui-1.11.2.custom\images\ui-icons_228ef1_256x240.png --> ajibayschools.com.ng /public_html/js/jquery-ui-1.11.2.custom/images ui-icons_228ef1_256x240.png
2014.12.03 09:29 B C:\Program Files\WS_FTP\ajibayschoools\js\jquery-ui-1.11.2.custom\images\ui-icons_ef8c08_256x240.png --> ajibayschools.com.ng /public_html/js/jquery-ui-1.11.2.custom/images ui-icons_ef8c08_256x240.png
2014.12.03 09:29 B C:\Program Files\WS_FTP\ajibayschoools\js\jquery-ui-1.11.2.custom\images\ui-icons_ffd27a_256x240.png --> ajibayschools.com.ng /public_html/js/jquery-ui-1.11.2.custom/images ui-icons_ffd27a_256x240.png
2014.12.03 09:29 B C:\Program Files\WS_FTP\ajibayschoools\js\jquery-ui-1.11.2.custom\images\ui-icons_ffffff_256x240.png --> ajibayschools.com.ng /public_html/js/jquery-ui-1.11.2.custom/images ui-icons_ffffff_256x240.png
2014.12.03 09:29 B C:\Program Files\WS_FTP\ajibayschoools\js\jquery-ui-1.11.2.custom\images\WS_FTP.LOG --> ajibayschools.com.ng /public_html/js/jquery-ui-1.11.2.custom/images WS_FTP.LOG
2014.12.27 16:18 B C:\Program Files\WS_FTP\ajibayschoools\js\jquery-ui-1.11.2.custom\images\ui-bg_diagonals-thick_18_b81900_40x40.png --> ajibayschools.com.ng /public_html/js/jquery-ui-1.11.2.custom/images ui-bg_diagonals-thick_18_b81900_40x40.png
2014.12.27 16:18 B C:\Program Files\WS_FTP\ajibayschoools\js\jquery-ui-1.11.2.custom\images\ui-bg_diagonals-thick_20_666666_40x40.png --> ajibayschools.com.ng /public_html/js/jquery-ui-1.11.2.custom/images ui-bg_diagonals-thick_20_666666_40x40.png
2014.12.27 16:18 B C:\Program Files\WS_FTP\ajibayschoools\js\jquery-ui-1.11.2.custom\images\ui-bg_flat_10_000000_40x100.png --> ajibayschools.com.ng /public_html/js/jquery-ui-1.11.2.custom/images ui-bg_flat_10_000000_40x100.png
2014.12.27 16:18 B C:\Program Files\WS_FTP\ajibayschoools\js\jquery-ui-1.11.2.custom\images\ui-bg_glass_100_f6f6f6_1x400.png --> ajibayschools.com.ng /public_html/js/jquery-ui-1.11.2.custom/images ui-bg_glass_100_f6f6f6_1x400.png
2014.12.27 16:18 B C:\Program Files\WS_FTP\ajibayschoools\js\jquery-ui-1.11.2.custom\images\ui-bg_glass_100_fdf5ce_1x400.png --> ajibayschools.com.ng /public_html/js/jquery-ui-1.11.2.custom/images ui-bg_glass_100_fdf5ce_1x400.png
2014.12.27 16:18 B C:\Program Files\WS_FTP\ajibayschoools\js\jquery-ui-1.11.2.custom\images\ui-bg_glass_65_ffffff_1x400.png --> ajibayschools.com.ng /public_html/js/jquery-ui-1.11.2.custom/images ui-bg_glass_65_ffffff_1x400.png
2014.12.27 16:18 B C:\Program Files\WS_FTP\ajibayschoools\js\jquery-ui-1.11.2.custom\images\ui-bg_gloss-wave_35_f6a828_500x100.png --> ajibayschools.com.ng /public_html/js/jquery-ui-1.11.2.custom/images ui-bg_gloss-wave_35_f6a828_500x100.png
2014.12.27 16:18 B C:\Program Files\WS_FTP\ajibayschoools\js\jquery-ui-1.11.2.custom\images\ui-bg_highlight-soft_100_eeeeee_1x100.png --> ajibayschools.com.ng /public_html/js/jquery-ui-1.11.2.custom/images ui-bg_highlight-soft_100_eeeeee_1x100.png
2014.12.27 16:18 B C:\Program Files\WS_FTP\ajibayschoools\js\jquery-ui-1.11.2.custom\images\ui-bg_highlight-soft_75_ffe45c_1x100.png --> ajibayschools.com.ng /public_html/js/jquery-ui-1.11.2.custom/images ui-bg_highlight-soft_75_ffe45c_1x100.png
2014.12.27 16:19 B C:\Program Files\WS_FTP\ajibayschoools\js\jquery-ui-1.11.2.custom\images\ui-icons_222222_256x240.png --> ajibayschools.com.ng /public_html/js/jquery-ui-1.11.2.custom/images ui-icons_222222_256x240.png
2014.12.27 16:19 B C:\Program Files\WS_FTP\ajibayschoools\js\jquery-ui-1.11.2.custom\images\ui-icons_228ef1_256x240.png --> ajibayschools.com.ng /public_html/js/jquery-ui-1.11.2.custom/images ui-icons_228ef1_256x240.png
2014.12.27 16:19 B C:\Program Files\WS_FTP\ajibayschoools\js\jquery-ui-1.11.2.custom\images\ui-icons_ef8c08_256x240.png --> ajibayschools.com.ng /public_html/js/jquery-ui-1.11.2.custom/images ui-icons_ef8c08_256x240.png
2014.12.27 16:19 B C:\Program Files\WS_FTP\ajibayschoools\js\jquery-ui-1.11.2.custom\images\ui-icons_ffd27a_256x240.png --> ajibayschools.com.ng /public_html/js/jquery-ui-1.11.2.custom/images ui-icons_ffd27a_256x240.png
2014.12.27 16:19 B C:\Program Files\WS_FTP\ajibayschoools\js\jquery-ui-1.11.2.custom\images\ui-icons_ffffff_256x240.png --> ajibayschools.com.ng /public_html/js/jquery-ui-1.11.2.custom/images ui-icons_ffffff_256x240.png
2014.12.27 16:19 B C:\Program Files\WS_FTP\ajibayschoools\js\jquery-ui-1.11.2.custom\images\WS_FTP.LOG --> ajibayschools.com.ng /public_html/js/jquery-ui-1.11.2.custom/images WS_FTP.LOG
2014.12.27 16:27 B C:\Program Files\WS_FTP\ajibayschoools\js\jquery-ui-1.11.2.custom\images\WS_FTP.LOG --> ajibayschools.com.ng /public_html/js/jquery-ui-1.11.2.custom/images WS_FTP.LOG
2014.12.27 16:32 B C:\Program Files\WS_FTP\ajibayschoools\js\jquery-ui-1.11.2.custom\images\WS_FTP.LOG --> ajibayschools.com.ng /public_html/js/jquery-ui-1.11.2.custom/images WS_FTP.LOG
2014.12.27 16:45 B C:\Program Files\WS_FTP\ajibayschoools\js\jquery-ui-1.11.2.custom\images\WS_FTP.LOG --> ajibayschools.com.ng /public_html/js/jquery-ui-1.11.2.custom/images WS_FTP.LOG
2014.12.27 18:00 B C:\Program Files\WS_FTP\ajibayschoools\js\jquery-ui-1.11.2.custom\images\WS_FTP.LOG --> ajibayschools.com.ng /public_html/js/jquery-ui-1.11.2.custom/images WS_FTP.LOG
2014.12.29 09:27 B C:\Program Files\WS_FTP\ajibayschoools\js\jquery-ui-1.11.2.custom\images\WS_FTP.LOG --> ajibayschools.com.ng /public_html/js/jquery-ui-1.11.2.custom/images WS_FTP.LOG
2014.12.30 17:11 B C:\Program Files\WS_FTP\ajibayschoools\js\jquery-ui-1.11.2.custom\images\ui-bg_diagonals-thick_18_b81900_40x40.png --> ajibayschools.com.ng /public_html/js/jquery-ui-1.11.2.custom/images ui-bg_diagonals-thick_18_b81900_40x40.png
2014.12.30 17:11 B C:\Program Files\WS_FTP\ajibayschoools\js\jquery-ui-1.11.2.custom\images\ui-bg_diagonals-thick_20_666666_40x40.png --> ajibayschools.com.ng /public_html/js/jquery-ui-1.11.2.custom/images ui-bg_diagonals-thick_20_666666_40x40.png
2014.12.30 17:11 B C:\Program Files\WS_FTP\ajibayschoools\js\jquery-ui-1.11.2.custom\images\ui-bg_flat_10_000000_40x100.png --> ajibayschools.com.ng /public_html/js/jquery-ui-1.11.2.custom/images ui-bg_flat_10_000000_40x100.png
2014.12.30 17:11 B C:\Program Files\WS_FTP\ajibayschoools\js\jquery-ui-1.11.2.custom\images\ui-bg_glass_100_f6f6f6_1x400.png --> ajibayschools.com.ng /public_html/js/jquery-ui-1.11.2.custom/images ui-bg_glass_100_f6f6f6_1x400.png
2014.12.30 17:11 B C:\Program Files\WS_FTP\ajibayschoools\js\jquery-ui-1.11.2.custom\images\ui-bg_glass_100_fdf5ce_1x400.png --> ajibayschools.com.ng /public_html/js/jquery-ui-1.11.2.custom/images ui-bg_glass_100_fdf5ce_1x400.png
2014.12.30 17:11 B C:\Program Files\WS_FTP\ajibayschoools\js\jquery-ui-1.11.2.custom\images\ui-bg_glass_65_ffffff_1x400.png --> ajibayschools.com.ng /public_html/js/jquery-ui-1.11.2.custom/images ui-bg_glass_65_ffffff_1x400.png
2014.12.30 17:11 B C:\Program Files\WS_FTP\ajibayschoools\js\jquery-ui-1.11.2.custom\images\ui-bg_gloss-wave_35_f6a828_500x100.png --> ajibayschools.com.ng /public_html/js/jquery-ui-1.11.2.custom/images ui-bg_gloss-wave_35_f6a828_500x100.png
2014.12.30 17:11 B C:\Program Files\WS_FTP\ajibayschoools\js\jquery-ui-1.11.2.custom\images\ui-bg_highlight-soft_100_eeeeee_1x100.png --> ajibayschools.com.ng /public_html/js/jquery-ui-1.11.2.custom/images ui-bg_highlight-soft_100_eeeeee_1x100.png
2014.12.30 17:11 B C:\Program Files\WS_FTP\ajibayschoools\js\jquery-ui-1.11.2.custom\images\ui-bg_highlight-soft_75_ffe45c_1x100.png --> ajibayschools.com.ng /public_html/js/jquery-ui-1.11.2.custom/images ui-bg_highlight-soft_75_ffe45c_1x100.png
2014.12.30 17:11 B C:\Program Files\WS_FTP\ajibayschoools\js\jquery-ui-1.11.2.custom\images\ui-icons_222222_256x240.png --> ajibayschools.com.ng /public_html/js/jquery-ui-1.11.2.custom/images ui-icons_222222_256x240.png
2014.12.30 17:11 B C:\Program Files\WS_FTP\ajibayschoools\js\jquery-ui-1.11.2.custom\images\ui-icons_228ef1_256x240.png --> ajibayschools.com.ng /public_html/js/jquery-ui-1.11.2.custom/images ui-icons_228ef1_256x240.png
2014.12.30 17:11 B C:\Program Files\WS_FTP\ajibayschoools\js\jquery-ui-1.11.2.custom\images\ui-icons_ef8c08_256x240.png --> ajibayschools.com.ng /public_html/js/jquery-ui-1.11.2.custom/images ui-icons_ef8c08_256x240.png
2014.12.30 17:11 B C:\Program Files\WS_FTP\ajibayschoools\js\jquery-ui-1.11.2.custom\images\ui-icons_ffd27a_256x240.png --> ajibayschools.com.ng /public_html/js/jquery-ui-1.11.2.custom/images ui-icons_ffd27a_256x240.png
2014.12.30 17:11 B C:\Program Files\WS_FTP\ajibayschoools\js\jquery-ui-1.11.2.custom\images\ui-icons_ffffff_256x240.png --> ajibayschools.com.ng /public_html/js/jquery-ui-1.11.2.custom/images ui-icons_ffffff_256x240.png
2014.12.30 17:11 B C:\Program Files\WS_FTP\ajibayschoools\js\jquery-ui-1.11.2.custom\images\WS_FTP.LOG --> ajibayschools.com.ng /public_html/js/jquery-ui-1.11.2.custom/images WS_FTP.LOG
2014.12.30 17:37 B C:\Program Files\WS_FTP\ajibayschoools\js\jquery-ui-1.11.2.custom\images\WS_FTP.LOG --> ajibayschools.com.ng /public_html/js/jquery-ui-1.11.2.custom/images WS_FTP.LOG
2014.12.30 17:52 B C:\Program Files\WS_FTP\ajibayschoools\js\jquery-ui-1.11.2.custom\images\WS_FTP.LOG --> ajibayschools.com.ng /public_html/js/jquery-ui-1.11.2.custom/images WS_FTP.LOG
2015.01.20 17:19 B C:\Program Files\WS_FTP\ajibayschoools\js\jquery-ui-1.11.2.custom\images\WS_FTP.LOG --> ajibayschools.com.ng /public_html/js/jquery-ui-1.11.2.custom/images WS_FTP.LOG
2015.01.21 09:16 B C:\Program Files\WS_FTP\ajibayschoools\js\jquery-ui-1.11.2.custom\images\WS_FTP.LOG --> ajibayschools.com.ng /public_html/js/jquery-ui-1.11.2.custom/images WS_FTP.LOG
